Invalid port. Exiting...
1636571359220	geckodriver	INFO	Listening on 127.0.0.1:60186
1636571362279	mozrunner::runner	INFO	Running command: "C:\\Program Files\\Mozilla Firefox\\firefox.exe" "--marionette" "--remote-debugging-port" "60187" "-no-remote" "-profile" "C:\\Users\\andre\\AppData\\Local\\Temp\\rust_mozprofile4K024J"
1636571372938	geckodriver	INFO	Listening on 127.0.0.1:60199
1636571375983	mozrunner::runner	INFO	Running command: "C:\\Program Files\\Mozilla Firefox\\firefox.exe" "--marionette" "--remote-debugging-port" "60200" "-no-remote" "-profile" "C:\\Users\\andre\\AppData\\Local\\Temp\\rust_mozprofilemSb6Zx"
1636571376919	Marionette	INFO	Marionette enabled
console.warn: SearchSettings: "get: No settings file exists, new profile?" (new NotFoundError("Could not open the file at C:\\Users\\andre\\AppData\\Local\\Temp\\rust_mozprofilemSb6Zx\\search.json.mozlz4", (void 0)))
console.error: Region.jsm: "Error fetching region" (new Error("TIMEOUT", "resource://gre/modules/Region.jsm", 772))
console.error: Region.jsm: "Failed to fetch region" (new Error("TIMEOUT", "resource://gre/modules/Region.jsm", 419))
DevTools listening on ws://localhost:60200/devtools/browser/c6837188-4249-48ac-84c7-4326c5a2f889
1636571389952	Marionette	INFO	Listening on port 60208
1636571390856	RemoteAgent	WARN	TLS certificate errors will be ignored for this session
1636571402394	Marionette	INFO	Stopped listening on port 60208
console.warn: TopSitesFeed: Failed to fetch data from Contile server: NetworkError when attempting to fetch resource.

###!!! [Parent][RunMessage] Error: Channel closing: too late to send/recv, messages will be lost

1636571425253	geckodriver	INFO	Listening on 127.0.0.1:60326
1636571428272	mozrunner::runner	INFO	Running command: "C:\\Program Files\\Mozilla Firefox\\firefox.exe" "--marionette" "--remote-debugging-port" "60327" "-no-remote" "-profile" "C:\\Users\\andre\\AppData\\Local\\Temp\\rust_mozprofileQDwtfd"
1636571428731	Marionette	INFO	Marionette enabled
console.warn: SearchSettings: "get: No settings file exists, new profile?" (new NotFoundError("Could not open the file at C:\\Users\\andre\\AppData\\Local\\Temp\\rust_mozprofileQDwtfd\\search.json.mozlz4", (void 0)))
DevTools listening on ws://localhost:60327/devtools/browser/ab344e45-5613-42fa-b5f5-95c7317522cd
1636571433983	Marionette	INFO	Listening on port 60341
1636571434011	RemoteAgent	WARN	TLS certificate errors will be ignored for this session
1636571442722	Marionette	INFO	Stopped listening on port 60341
console.warn: TopSitesFeed: Failed to fetch data from Contile server: NetworkError when attempting to fetch resource.
[Parent 26512, IPC I/O Parent] WARNING: file /builds/worker/checkouts/gecko/ipc/chromium/src/base/process_util_win.cc:167
1636571595907	geckodriver	INFO	Listening on 127.0.0.1:60404
1636571598929	mozrunner::runner	INFO	Running command: "C:\\Program Files\\Mozilla Firefox\\firefox.exe" "--marionette" "--remote-debugging-port" "60405" "-no-remote" "-profile" "C:\\Users\\andre\\AppData\\Local\\Temp\\rust_mozprofileNFVlLV"
1636571599440	Marionette	INFO	Marionette enabled
console.warn: SearchSettings: "get: No settings file exists, new profile?" (new NotFoundError("Could not open the file at C:\\Users\\andre\\AppData\\Local\\Temp\\rust_mozprofileNFVlLV\\search.json.mozlz4", (void 0)))
DevTools listening on ws://localhost:60405/devtools/browser/1a33a796-d995-4487-a443-3205a4ce5699
1636571604720	Marionette	INFO	Listening on port 60410
1636571605375	RemoteAgent	WARN	TLS certificate errors will be ignored for this session
1636571609728	Marionette	INFO	Stopped listening on port 60410
console.warn: TopSitesFeed: Failed to fetch data from Contile server: NetworkError when attempting to fetch resource.
JavaScript error: resource://gre/modules/UrlClassifierListManager.jsm, line 691: TypeError: this.tablesData[table] is undefined

###!!! [Parent][RunMessage] Error: Channel closing: too late to send/recv, messages will be lost

1636571647093	geckodriver	INFO	Listening on 127.0.0.1:60456
1636571650114	mozrunner::runner	INFO	Running command: "C:\\Program Files\\Mozilla Firefox\\firefox.exe" "--marionette" "--remote-debugging-port" "60457" "-no-remote" "-profile" "C:\\Users\\andre\\AppData\\Local\\Temp\\rust_mozprofileae28kw"
1636571650609	Marionette	INFO	Marionette enabled
console.warn: SearchSettings: "get: No settings file exists, new profile?" (new NotFoundError("Could not open the file at C:\\Users\\andre\\AppData\\Local\\Temp\\rust_mozprofileae28kw\\search.json.mozlz4", (void 0)))
DevTools listening on ws://localhost:60457/devtools/browser/b05f5052-eebb-43ec-bddd-21fd6dd27910
1636571655257	Marionette	INFO	Listening on port 60462
1636571656168	RemoteAgent	WARN	TLS certificate errors will be ignored for this session
1636571657750	Marionette	INFO	Stopped listening on port 60462
console.error: "Could not load engine google@search.mozilla.org: [Exception... \"AddonManager is not initialized\"  nsresult: \"0xc1f30001 (NS_ERROR_NOT_INITIALIZED)\"  location: \"JS frame :: resource://gre/modules/AddonManager.jsm :: installBuiltinAddon :: line 2541\"  data: no]"
console.error: "Could not load engine wikipedia@search.mozilla.org: [Exception... \"AddonManager is not initialized\"  nsresult: \"0xc1f30001 (NS_ERROR_NOT_INITIALIZED)\"  location: \"JS frame :: resource://gre/modules/AddonManager.jsm :: installBuiltinAddon :: line 2541\"  data: no]"
console.error: "Could not load engine yandex@search.mozilla.org: [Exception... \"AddonManager is not initialized\"  nsresult: \"0xc1f30001 (NS_ERROR_NOT_INITIALIZED)\"  location: \"JS frame :: resource://gre/modules/AddonManager.jsm :: installBuiltinAddon :: line 2541\"  data: no]"
console.error: "Could not load engine ddg@search.mozilla.org: [Exception... \"AddonManager is not initialized\"  nsresult: \"0xc1f30001 (NS_ERROR_NOT_INITIALIZED)\"  location: \"JS frame :: resource://gre/modules/AddonManager.jsm :: installBuiltinAddon :: line 2541\"  data: no]"
console.error: "Could not load engine priceru@search.mozilla.org: [Exception... \"AddonManager is not initialized\"  nsresult: \"0xc1f30001 (NS_ERROR_NOT_INITIALIZED)\"  location: \"JS frame :: resource://gre/modules/AddonManager.jsm :: installBuiltinAddon :: line 2541\"  data: no]"
console.error: "Could not load engine mailru@search.mozilla.org: [Exception... \"AddonManager is not initialized\"  nsresult: \"0xc1f30001 (NS_ERROR_NOT_INITIALIZED)\"  location: \"JS frame :: resource://gre/modules/AddonManager.jsm :: installBuiltinAddon :: line 2541\"  data: no]"
console.error: "Could not load engine ozonru@search.mozilla.org: [Exception... \"AddonManager is not initialized\"  nsresult: \"0xc1f30001 (NS_ERROR_NOT_INITIALIZED)\"  location: \"JS frame :: resource://gre/modules/AddonManager.jsm :: installBuiltinAddon :: line 2541\"  data: no]"
console.warn: SearchService: "_init: abandoning init due to shutting down"
JavaScript error: resource://gre/modules/AsyncShutdown.jsm, line 575: uncaught exception: 2147500036
JavaScript error: resource://gre/modules/AsyncShutdown.jsm, line 575: uncaught exception: 2147500036
JavaScript error: resource://gre/modules/AsyncShutdown.jsm, line 575: uncaught exception: 2147500036
JavaScript error: resource://gre/modules/AsyncShutdown.jsm, line 575: uncaught exception: 2147500036
JavaScript error: resource://gre/modules/AsyncShutdown.jsm, line 575: uncaught exception: 2147500036
JavaScript error: resource://gre/modules/AsyncShutdown.jsm, line 575: uncaught exception: 2147500036
JavaScript error: resource://gre/modules/AsyncShutdown.jsm, line 575: uncaught exception: 2147500036
console.log: "RemoteSettingsWorker error: Error: Can't import when we've started shutting down."
console.log: "RemoteSettingsWorker error: Error: Can't import when we've started shutting down."
JavaScript error: , line 0: uncaught exception: 2147500036

###!!! [Parent][RunMessage] Error: Channel closing: too late to send/recv, messages will be lost

JavaScript error: resource://gre/modules/CrashManager.jsm, line 828: AbortError: IOUtils: Shutting down and refusing additional I/O tasks
la Firefox\\firefox.exe" "--marionette" "--remote-debugging-port" "60494" "-no-remote" "-profile" "C:\\Users\\andre\\AppData\\Local\\Temp\\rust_mozprofilezvOOaq"
1636571665569	Marionette	INFO	Marionette enabled
console.warn: SearchSettings: "get: No settings file exists, new profile?" (new NotFoundError("Could not open the file at C:\\Users\\andre\\AppData\\Local\\Temp\\rust_mozprofilezvOOaq\\search.json.mozlz4", (void 0)))
DevTools listening on ws://localhost:60494/devtools/browser/6965c1b0-a6ba-4da6-b744-6cb508281221
1636571670657	Marionette	INFO	Listening on port 60499
1636571671332	RemoteAgent	WARN	TLS certificate errors will be ignored for this session
1636571684161	Marionette	INFO	Stopped listening on port 60499
console.warn: TopSitesFeed: Failed to fetch data from Contile server: NetworkError when attempting to fetch resource.
[Parent 24708, IPC I/O Parent] WARNING: file /builds/worker/checkouts/gecko/ipc/chromium/src/base/process_util_win.cc:167

###!!! [Parent][RunMessage] Error: Channel closing: too late to send/recv, messages will be lost

1636571690222	geckodriver	INFO	Listening on 127.0.0.1:60543
1636571693242	mozrunner::runner	INFO	Running command: "C:\\Program Files\\Mozilla Firefox\\firefox.exe" "--marionette" "--remote-debugging-port" "60544" "-no-remote" "-profile" "C:\\Users\\andre\\AppData\\Local\\Temp\\rust_mozprofileSFh325"
1636571693773	Marionette	INFO	Marionette enabled
console.warn: SearchSettings: "get: No settings file exists, new profile?" (new NotFoundError("Could not open the file at C:\\Users\\andre\\AppData\\Local\\Temp\\rust_mozprofileSFh325\\search.json.mozlz4", (void 0)))
DevTools listening on ws://localhost:60544/devtools/browser/0dc88815-7472-45a4-8d48-1c8339e11b37
1636571699454	Marionette	INFO	Listening on port 60549
1636571700067	RemoteAgent	WARN	TLS certificate errors will be ignored for this session
1636571727887	Marionette	INFO	Stopped listening on port 60549
console.warn: TopSitesFeed: Failed to fetch data from Contile server: NetworkError when attempting to fetch resource.
[Parent 24992, IPC I/O Parent] WARNING: file /builds/worker/checkouts/gecko/ipc/chromium/src/base/process_util_win.cc:167
1636571751839	geckodriver	INFO	Listening on 127.0.0.1:60598
1636571754861	mozrunner::runner	INFO	Running command: "C:\\Program Files\\Mozilla Firefox\\firefox.exe" "--marionette" "--remote-debugging-port" "60599" "-no-remote" "-profile" "C:\\Users\\andre\\AppData\\Local\\Temp\\rust_mozprofileQnE3pf"
1636571755295	Marionette	INFO	Marionette enabled
console.warn: SearchSettings: "get: No settings file exists, new profile?" (new NotFoundError("Could not open the file at C:\\Users\\andre\\AppData\\Local\\Temp\\rust_mozprofileQnE3pf\\search.json.mozlz4", (void 0)))
DevTools listening on ws://localhost:60599/devtools/browser/4a0ca9bf-d86f-4092-bea6-f83295e8dc05
1636571760130	Marionette	INFO	Listening on port 60604
1636571760937	RemoteAgent	WARN	TLS certificate errors will be ignored for this session
1636571767488	Marionette	INFO	Stopped listening on port 60604
console.warn: TopSitesFeed: Failed to fetch data from Contile server: NetworkError when attempting to fetch resource.
[Parent 2832, IPC I/O Parent] WARNING: file /builds/worker/checkouts/gecko/ipc/chromium/src/base/process_util_win.cc:167
1636571804160	geckodriver	INFO	Listening on 127.0.0.1:60647
1636571807181	mozrunner::runner	INFO	Running command: "C:\\Program Files\\Mozilla Firefox\\firefox.exe" "--marionette" "--remote-debugging-port" "60648" "-no-remote" "-profile" "C:\\Users\\andre\\AppData\\Local\\Temp\\rust_mozprofileWEWLme"
1636571807682	Marionette	INFO	Marionette enabled
console.warn: SearchSettings: "get: No settings file exists, new profile?" (new NotFoundError("Could not open the file at C:\\Users\\andre\\AppData\\Local\\Temp\\rust_mozprofileWEWLme\\search.json.mozlz4", (void 0)))
DevTools listening on ws://localhost:60648/devtools/browser/f998666f-a9dc-416b-ae3a-856edd78382a
1636571812217	Marionette	INFO	Listening on port 60653
1636571813082	RemoteAgent	WARN	TLS certificate errors will be ignored for this session
1636571816828	Marionette	INFO	Stopped listening on port 60653
console.warn: TopSitesFeed: Failed to fetch data from Contile server: NetworkError when attempting to fetch resource.
[Parent 25292, IPC I/O Parent] WARNING: file /builds/worker/checkouts/gecko/ipc/chromium/src/base/process_util_win.cc:167

###!!! [Parent][RunMessage] Error: Channel closing: too late to send/recv, messages will be lost

1636572700168	geckodriver	INFO	Listening on 127.0.0.1:65533
1636572703188	mozrunner::runner	INFO	Running command: "C:\\Program Files\\Mozilla Firefox\\firefox.exe" "--marionette" "--remote-debugging-port" "65534" "-no-remote" "-profile" "C:\\Users\\andre\\AppData\\Local\\Temp\\rust_mozprofileScb66X"
1636572703683	Marionette	INFO	Marionette enabled
console.warn: SearchSettings: "get: No settings file exists, new profile?" (new NotFoundError("Could not open the file at C:\\Users\\andre\\AppData\\Local\\Temp\\rust_mozprofileScb66X\\search.json.mozlz4", (void 0)))
DevTools listening on ws://localhost:65534/devtools/browser/806294dc-7cb8-42a6-91eb-86f890e68008
1636572708149	Marionette	INFO	Listening on port 49157
1636572709046	RemoteAgent	WARN	TLS certificate errors will be ignored for this session
1636572782100	Marionette	INFO	Stopped listening on port 49157
console.warn: TopSitesFeed: Failed to fetch data from Contile server: NetworkError when attempting to fetch resource.
[Parent 17748, IPC I/O Parent] WARNING: file /builds/worker/checkouts/gecko/ipc/chromium/src/base/process_util_win.cc:167
1636572797443	geckodriver	INFO	Listening on 127.0.0.1:49215
1636572800463	mozrunner::runner	INFO	Running command: "C:\\Program Files\\Mozilla Firefox\\firefox.exe" "--marionette" "--remote-debugging-port" "49216" "-no-remote" "-profile" "C:\\Users\\andre\\AppData\\Local\\Temp\\rust_mozprofile3ojS5s"
1636572800954	Marionette	INFO	Marionette enabled
console.warn: SearchSettings: "get: No settings file exists, new profile?" (new NotFoundError("Could not open the file at C:\\Users\\andre\\AppData\\Local\\Temp\\rust_mozprofile3ojS5s\\search.json.mozlz4", (void 0)))
DevTools listening on ws://localhost:49216/devtools/browser/bb8e5fe1-0d56-4e8c-bb2e-b732d248eb58
1636572805600	Marionette	INFO	Listening on port 49221
1636572806331	RemoteAgent	WARN	TLS certificate errors will be ignored for this session
1636572809803	Marionette	INFO	Stopped listening on port 49221
console.warn: TopSitesFeed: Failed to fetch data from Contile server: NetworkError when attempting to fetch resource.
[Parent 24440, IPC I/O Parent] WARNING: file /builds/worker/checkouts/gecko/ipc/chromium/src/base/process_util_win.cc:167
1636572851195	geckodriver	INFO	Listening on 127.0.0.1:49285
1636572854218	mozrunner::runner	INFO	Running command: "C:\\Program Files\\Mozilla Firefox\\firefox.exe" "--marionette" "--remote-debugging-port" "49287" "-no-remote" "-profile" "C:\\Users\\andre\\AppData\\Local\\Temp\\rust_mozprofileYlzgdV"
1636572854678	Marionette	INFO	Marionette enabled
console.warn: SearchSettings: "get: No settings file exists, new profile?" (new NotFoundError("Could not open the file at C:\\Users\\andre\\AppData\\Local\\Temp\\rust_mozprofileYlzgdV\\search.json.mozlz4", (void 0)))
DevTools listening on ws://localhost:49287/devtools/browser/5b972bf9-20fc-4af3-b112-fbd851c2796f
1636572859748	Marionette	INFO	Listening on port 49301
1636572860547	RemoteAgent	WARN	TLS certificate errors will be ignored for this session
1636572870653	Marionette	INFO	Stopped listening on port 49301
console.warn: TopSitesFeed: Failed to fetch data from Contile server: NetworkError when attempting to fetch resource.
[Parent 23184, IPC I/O Parent] WARNING: file /builds/worker/checkouts/gecko/ipc/chromium/src/base/process_util_win.cc:167
1636572968593	geckodriver	INFO	Listening on 127.0.0.1:54052
1636572971616	mozrunner::runner	INFO	Running command: "C:\\Program Files\\Mozilla Firefox\\firefox.exe" "--marionette" "--remote-debugging-port" "54053" "-no-remote" "-profile" "C:\\Users\\andre\\AppData\\Local\\Temp\\rust_mozprofileYZo7vl"
1636572972048	Marionette	INFO	Marionette enabled
console.warn: SearchSettings: "get: No settings file exists, new profile?" (new NotFoundError("Could not open the file at C:\\Users\\andre\\AppData\\Local\\Temp\\rust_mozprofileYZo7vl\\search.json.mozlz4", (void 0)))
DevTools listening on ws://localhost:54053/devtools/browser/66c728d1-63fb-4ba9-a1ae-9b70073a43ed
1636572976380	Marionette	INFO	Listening on port 54058
1636572977164	RemoteAgent	WARN	TLS certificate errors will be ignored for this session
1636572995633	Marionette	INFO	Stopped listening on port 54058
console.warn: TopSitesFeed: Failed to fetch data from Contile server: NetworkError when attempting to fetch resource.
[Parent 25404, IPC I/O Parent] WARNING: file /builds/worker/checkouts/gecko/ipc/chromium/src/base/process_util_win.cc:167
1636573014564	geckodriver	INFO	Listening on 127.0.0.1:54103
1636573017582	mozrunner::runner	INFO	Running command: "C:\\Program Files\\Mozilla Firefox\\firefox.exe" "--marionette" "--remote-debugging-port" "54104" "-no-remote" "-profile" "C:\\Users\\andre\\AppData\\Local\\Temp\\rust_mozprofileKHljYZ"
1636573018115	Marionette	INFO	Marionette enabled
console.warn: SearchSettings: "get: No settings file exists, new profile?" (new NotFoundError("Could not open the file at C:\\Users\\andre\\AppData\\Local\\Temp\\rust_mozprofileKHljYZ\\search.json.mozlz4", (void 0)))
DevTools listening on ws://localhost:54104/devtools/browser/06e9acfe-ad9f-43c7-a098-8cd055049d88
1636573022643	Marionette	INFO	Listening on port 54109
1636573023276	RemoteAgent	WARN	TLS certificate errors will be ignored for this session
1636573039842	Marionette	INFO	Stopped listening on port 54109
console.warn: TopSitesFeed: Failed to fetch data from Contile server: NetworkError when attempting to fetch resource.
1636573049184	geckodriver	INFO	Listening on 127.0.0.1:54150
1636573052207	mozrunner::runner	INFO	Running command: "C:\\Program Files\\Mozilla Firefox\\firefox.exe" "--marionette" "--remote-debugging-port" "54151" "-no-remote" "-profile" "C:\\Users\\andre\\AppData\\Local\\Temp\\rust_mozprofileDZcHzV"
1636573052644	Marionette	INFO	Marionette enabled
console.warn: SearchSettings: "get: No settings file exists, new profile?" (new NotFoundError("Could not open the file at C:\\Users\\andre\\AppData\\Local\\Temp\\rust_mozprofileDZcHzV\\search.json.mozlz4", (void 0)))
DevTools listening on ws://localhost:54151/devtools/browser/33850cbe-c1e5-4079-9490-260fb44e93a8
1636573057715	Marionette	INFO	Listening on port 54156
1636573058645	RemoteAgent	WARN	TLS certificate errors will be ignored for this session
1636573088823	Marionette	INFO	Stopped listening on port 54156
console.warn: TopSitesFeed: Failed to fetch data from Contile server: NetworkError when attempting to fetch resource.
[Parent 25624, IPC I/O Parent] WARNING: file /builds/worker/checkouts/gecko/ipc/chromium/src/base/process_util_win.cc:167

###!!! [Parent][RunMessage] Error: Channel closing: too late to send/recv, messages will be lost

1636573109591	geckodriver	INFO	Listening on 127.0.0.1:54200
1636573112611	mozrunner::runner	INFO	Running command: "C:\\Program Files\\Mozilla Firefox\\firefox.exe" "--marionette" "--remote-debugging-port" "54201" "-no-remote" "-profile" "C:\\Users\\andre\\AppData\\Local\\Temp\\rust_mozprofilespJMBI"
1636573113124	Marionette	INFO	Marionette enabled
console.warn: SearchSettings: "get: No settings file exists, new profile?" (new NotFoundError("Could not open the file at C:\\Users\\andre\\AppData\\Local\\Temp\\rust_mozprofilespJMBI\\search.json.mozlz4", (void 0)))
DevTools listening on ws://localhost:54201/devtools/browser/4c0e77ee-ce94-4ccb-8e92-f4a4eb20ec6f
1636573117573	Marionette	INFO	Listening on port 54206
1636573118042	RemoteAgent	WARN	TLS certificate errors will be ignored for this session
1636573122161	Marionette	INFO	Stopped listening on port 54206
console.warn: TopSitesFeed: Failed to fetch data from Contile server: NetworkError when attempting to fetch resource.
1636573136558	geckodriver	INFO	Listening on 127.0.0.1:54250
1636573139595	mozrunner::runner	INFO	Running command: "C:\\Program Files\\Mozilla Firefox\\firefox.exe" "--marionette" "--remote-debugging-port" "54251" "-no-remote" "-profile" "C:\\Users\\andre\\AppData\\Local\\Temp\\rust_mozprofile7M5MYp"
1636573140082	Marionette	INFO	Marionette enabled
console.warn: SearchSettings: "get: No settings file exists, new profile?" (new NotFoundError("Could not open the file at C:\\Users\\andre\\AppData\\Local\\Temp\\rust_mozprofile7M5MYp\\search.json.mozlz4", (void 0)))
DevTools listening on ws://localhost:54251/devtools/browser/44cd9ff7-d7ce-4f53-8d8e-53ce0da1b1e0
1636573144853	Marionette	INFO	Listening on port 54256
1636573145786	RemoteAgent	WARN	TLS certificate errors will be ignored for this session
1636573157915	Marionette	INFO	Stopped listening on port 54256
console.warn: TopSitesFeed: Failed to fetch data from Contile server: NetworkError when attempting to fetch resource.
1636573161830	geckodriver	INFO	Listening on 127.0.0.1:54298
1636573164852	mozrunner::runner	INFO	Running command: "C:\\Program Files\\Mozilla Firefox\\firefox.exe" "--marionette" "--remote-debugging-port" "54299" "-no-remote" "-profile" "C:\\Users\\andre\\AppData\\Local\\Temp\\rust_mozprofilewquPE8"
1636573165336	Marionette	INFO	Marionette enabled
console.warn: SearchSettings: "get: No settings file exists, new profile?" (new NotFoundError("Could not open the file at C:\\Users\\andre\\AppData\\Local\\Temp\\rust_mozprofilewquPE8\\search.json.mozlz4", (void 0)))
DevTools listening on ws://localhost:54299/devtools/browser/696011d9-513f-45a7-bf7a-88e0d361f65d
1636573169961	Marionette	INFO	Listening on port 54304
1636573170757	RemoteAgent	WARN	TLS certificate errors will be ignored for this session
1636573228969	Marionette	INFO	Stopped listening on port 54304
console.warn: TopSitesFeed: Failed to fetch data from Contile server: NetworkError when attempting to fetch resource.
[Parent 17692, IPC I/O Parent] WARNING: file /builds/worker/checkouts/gecko/ipc/chromium/src/base/process_util_win.cc:167
573221819	Marionette	INFO	Marionette enabled
console.warn: SearchSettings: "get: No settings file exists, new profile?" (new NotFoundError("Could not open the file at C:\\Users\\andre\\AppData\\Local\\Temp\\rust_mozprofile0YKAIy\\search.json.mozlz4", (void 0)))
DevTools listening on ws://localhost:54355/devtools/browser/124d5013-7cdc-4b06-8472-20f8fb32d5f9
1636573227596	Marionette	INFO	Listening on port 54360
1636573228751	RemoteAgent	WARN	TLS certificate errors will be ignored for this session
1636573258277	Marionette	INFO	Stopped listening on port 54360
console.warn: TopSitesFeed: Failed to fetch data from Contile server: NetworkError when attempting to fetch resource.
[Parent 26444, IPC I/O Parent] WARNING: file /builds/worker/checkouts/gecko/ipc/chromium/src/base/process_util_win.cc:167

###!!! [Parent][RunMessage] Error: Channel closing: too late to send/recv, messages will be lost

sts, new profile?" (new NotFoundError("Could not open the file at C:\\Users\\andre\\AppData\\Local\\Temp\\rust_mozprofileLmq0Bw\\search.json.mozlz4", (void 0)))
DevTools listening on ws://localhost:54408/devtools/browser/fc9e02c8-2f0a-489d-8d37-f909463a6910
1636573253254	Marionette	INFO	Listening on port 54413
1636573253998	RemoteAgent	WARN	TLS certificate errors will be ignored for this session
1636573257217	Marionette	INFO	Stopped listening on port 54413
console.warn: TopSitesFeed: Failed to fetch data from Contile server: NetworkError when attempting to fetch resource.
[Parent 25736, IPC I/O Parent] WARNING: file /builds/worker/checkouts/gecko/ipc/chromium/src/base/process_util_win.cc:167
1636573267652	geckodriver	INFO	Listening on 127.0.0.1:54456
1636573270672	mozrunner::runner	INFO	Running command: "C:\\Program Files\\Mozilla Firefox\\firefox.exe" "--marionette" "--remote-debugging-port" "54457" "-no-remote" "-profile" "C:\\Users\\andre\\AppData\\Local\\Temp\\rust_mozprofileaPg8fg"
1636573271111	Marionette	INFO	Marionette enabled
console.warn: SearchSettings: "get: No settings file exists, new profile?" (new NotFoundError("Could not open the file at C:\\Users\\andre\\AppData\\Local\\Temp\\rust_mozprofileaPg8fg\\search.json.mozlz4", (void 0)))
DevTools listening on ws://localhost:54457/devtools/browser/30fee186-7ba1-4664-ab1c-65537d1b44d4
1636573276742	Marionette	INFO	Listening on port 54462
1636573277498	RemoteAgent	WARN	TLS certificate errors will be ignored for this session
1636573327476	Marionette	INFO	Stopped listening on port 54462
console.warn: TopSitesFeed: Failed to fetch data from Contile server: NetworkError when attempting to fetch resource.
JavaScript error: resource://gre/modules/CrashManager.jsm, line 828: AbortError: IOUtils: Shutting down and refusing additional I/O tasks
1636573464685	geckodriver	INFO	Listening on 127.0.0.1:54527
1636573467706	mozrunner::runner	INFO	Running command: "C:\\Program Files\\Mozilla Firefox\\firefox.exe" "--marionette" "--remote-debugging-port" "54528" "-no-remote" "-profile" "C:\\Users\\andre\\AppData\\Local\\Temp\\rust_mozprofile0nEEuD"
1636573468193	Marionette	INFO	Marionette enabled
console.warn: SearchSettings: "get: No settings file exists, new profile?" (new NotFoundError("Could not open the file at C:\\Users\\andre\\AppData\\Local\\Temp\\rust_mozprofile0nEEuD\\search.json.mozlz4", (void 0)))
DevTools listening on ws://localhost:54528/devtools/browser/210e6944-780e-475c-bb1d-209d8155c5f6
1636573472769	Marionette	INFO	Listening on port 54533
1636573473633	RemoteAgent	WARN	TLS certificate errors will be ignored for this session
1636573474856	Marionette	INFO	Stopped listening on port 54533
console.error: services.settings: 
  main/query-stripping Signature failed  TypeError: NetworkError: Network request failed
console.warn: TopSitesFeed: Failed to fetch data from Contile server: NetworkError when attempting to fetch resource.
[Parent 6200, IPC I/O Parent] WARNING: file /builds/worker/checkouts/gecko/ipc/chromium/src/base/process_util_win.cc:167
console.log: "RemoteSettingsWorker error: Error: Can't import when we've started shutting down."
JavaScript error: resource://gre/modules/JSONFile.jsm, line 186: Error: Data is not ready.
console.log: "RemoteSettingsWorker error: Error: Can't import when we've started shutting down."
console.log: "RemoteSettingsWorker error: Error: Can't import when we've started shutting down."
console.error: "Could not load engine google@search.mozilla.org: [Exception... \"AddonManager is not initialized\"  nsresult: \"0xc1f30001 (NS_ERROR_NOT_INITIALIZED)\"  location: \"JS frame :: resource://gre/modules/AddonManager.jsm :: installBuiltinAddon :: line 2541\"  data: no]"
console.error: "Could not load engine wikipedia@search.mozilla.org: [Exception... \"AddonManager is not initialized\"  nsresult: \"0xc1f30001 (NS_ERROR_NOT_INITIALIZED)\"  location: \"JS frame :: resource://gre/modules/AddonManager.jsm :: installBuiltinAddon :: line 2541\"  data: no]"
console.error: "Could not load engine yandex@search.mozilla.org: [Exception... \"AddonManager is not initialized\"  nsresult: \"0xc1f30001 (NS_ERROR_NOT_INITIALIZED)\"  location: \"JS frame :: resource://gre/modules/AddonManager.jsm :: installBuiltinAddon :: line 2541\"  data: no]"
console.error: "Could not load engine ddg@search.mozilla.org: [Exception... \"AddonManager is not initialized\"  nsresult: \"0xc1f30001 (NS_ERROR_NOT_INITIALIZED)\"  location: \"JS frame :: resource://gre/modules/AddonManager.jsm :: installBuiltinAddon :: line 2541\"  data: no]"
console.error: "Could not load engine priceru@search.mozilla.org: [Exception... \"AddonManager is not initialized\"  nsresult: \"0xc1f30001 (NS_ERROR_NOT_INITIALIZED)\"  location: \"JS frame :: resource://gre/modules/AddonManager.jsm :: installBuiltinAddon :: line 2541\"  data: no]"
console.error: "Could not load engine mailru@search.mozilla.org: [Exception... \"AddonManager is not initialized\"  nsresult: \"0xc1f30001 (NS_ERROR_NOT_INITIALIZED)\"  location: \"JS frame :: resource://gre/modules/AddonManager.jsm :: installBuiltinAddon :: line 2541\"  data: no]"
console.log: "RemoteSettingsWorker error: Error: Can't import when we've started shutting down."
console.error: "Could not load engine ozonru@search.mozilla.org: [Exception... \"AddonManager is not initialized\"  nsresult: \"0xc1f30001 (NS_ERROR_NOT_INITIALIZED)\"  location: \"JS frame :: resource://gre/modules/AddonManager.jsm :: installBuiltinAddon :: line 2541\"  data: no]"
console.warn: SearchService: "_init: abandoning init due to shutting down"
JavaScript error: resource://gre/modules/AsyncShutdown.jsm, line 575: uncaught exception: 2147500036
JavaScript error: resource://gre/modules/AsyncShutdown.jsm, line 575: uncaught exception: 2147500036
JavaScript error: resource://gre/modules/AsyncShutdown.jsm, line 575: uncaught exception: 2147500036
console.log: "RemoteSettingsWorker error: Error: Can't import when we've started shutting down."
JavaScript error: resource://gre/modules/AsyncShutdown.jsm, line 575: uncaught exception: 2147500036
console.log: "RemoteSettingsWorker error: Error: Can't import when we've started shutting down."
JavaScript error: , line 0: uncaught exception: 2147500036
JavaScript error: , line 0: uncaught exception: 2147500036
JavaScript error: , line 0: uncaught exception: 2147500036
JavaScript error: resource://gre/modules/AsyncShutdown.jsm, line 718: Error: Phase "profile-before-change" is finished, it is too late to register completion condition "DoHController: clear state and remove observers"

###!!! [Parent][RunMessage] Error: Channel closing: too late to send/recv, messages will be lost

JavaScript error: resource://gre/modules/CrashManager.jsm, line 828: AbortError: IOUtils: Shutting down and refusing additional I/O tasks
la Firefox\\firefox.exe" "--marionette" "--remote-debugging-port" "54571" "-no-remote" "-profile" "C:\\Users\\andre\\AppData\\Local\\Temp\\rust_mozprofileDjEdbB"
1636573517482	Marionette	INFO	Marionette enabled
console.warn: SearchSettings: "get: No settings file exists, new profile?" (new NotFoundError("Could not open the file at C:\\Users\\andre\\AppData\\Local\\Temp\\rust_mozprofileDjEdbB\\search.json.mozlz4", (void 0)))
DevTools listening on ws://localhost:54571/devtools/browser/10fdb510-1fea-4c4c-bc81-e80a8e15d715
1636573522509	Marionette	INFO	Listening on port 54576
1636573523136	RemoteAgent	WARN	TLS certificate errors will be ignored for this session
1636573541663	Marionette	INFO	Stopped listening on port 54576
console.warn: TopSitesFeed: Failed to fetch data from Contile server: NetworkError when attempting to fetch resource.

###!!! [Parent][RunMessage] Error: Channel closing: too late to send/recv, messages will be lost

1636573690209	geckodriver	INFO	Listening on 127.0.0.1:54661
1636573693229	mozrunner::runner	INFO	Running command: "C:\\Program Files\\Mozilla Firefox\\firefox.exe" "--marionette" "--remote-debugging-port" "54662" "-no-remote" "-profile" "C:\\Users\\andre\\AppData\\Local\\Temp\\rust_mozprofiles7Cy0P"
1636573693674	Marionette	INFO	Marionette enabled
console.warn: SearchSettings: "get: No settings file exists, new profile?" (new NotFoundError("Could not open the file at C:\\Users\\andre\\AppData\\Local\\Temp\\rust_mozprofiles7Cy0P\\search.json.mozlz4", (void 0)))
DevTools listening on ws://localhost:54662/devtools/browser/37c1cb05-f8f4-42c9-8da9-611b3d3c88a7
1636573698813	Marionette	INFO	Listening on port 54668
1636573699494	RemoteAgent	WARN	TLS certificate errors will be ignored for this session
1636573707871	Marionette	INFO	Stopped listening on port 54668
console.warn: TopSitesFeed: Failed to fetch data from Contile server: NetworkError when attempting to fetch resource.
[Parent 27280, IPC I/O Parent] WARNING: file /builds/worker/checkouts/gecko/ipc/chromium/src/base/process_util_win.cc:167
1636573721421	geckodriver	INFO	Listening on 127.0.0.1:54709
1636573724442	mozrunner::runner	INFO	Running command: "C:\\Program Files\\Mozilla Firefox\\firefox.exe" "--marionette" "--remote-debugging-port" "54710" "-no-remote" "-profile" "C:\\Users\\andre\\AppData\\Local\\Temp\\rust_mozprofileGnneQG"
1636573724907	Marionette	INFO	Marionette enabled
console.warn: SearchSettings: "get: No settings file exists, new profile?" (new NotFoundError("Could not open the file at C:\\Users\\andre\\AppData\\Local\\Temp\\rust_mozprofileGnneQG\\search.json.mozlz4", (void 0)))
DevTools listening on ws://localhost:54710/devtools/browser/57ea0481-0994-447f-bf59-bc39d8609316
1636573729713	Marionette	INFO	Listening on port 54716
1636573730611	RemoteAgent	WARN	TLS certificate errors will be ignored for this session
1636573732969	Marionette	INFO	Stopped listening on port 54716
console.warn: TopSitesFeed: Failed to fetch data from Contile server: NetworkError when attempting to fetch resource.
JavaScript error: resource://gre/modules/Sqlite.jsm, line 1203: TypeError: connection not specified in clone options.
JavaScript error: resource://gre/modules/Sqlite.jsm, line 1203: TypeError: connection not specified in clone options.
JavaScript error: resource://gre/modules/Sqlite.jsm, line 1203: TypeError: connection not specified in clone options.
console.log: "RemoteSettingsWorker error: Error: Can't import when we've started shutting down."
console.log: "RemoteSettingsWorker error: Error: Can't import when we've started shutting down."
JavaScript error: resource://gre/modules/AsyncShutdown.jsm, line 718: Error: Phase "profile-before-change" is finished, it is too late to register completion condition "DoHController: clear state and remove observers"

###!!! [Parent][RunMessage] Error: Channel closing: too late to send/recv, messages will be lost

Started InternetExplorerDriver server (32-bit)
2.44.0.0
Listening on port 0
Started InternetExplorerDriver server (32-bit)
2.44.0.0
Listening on port 0
Started InternetExplorerDriver server (32-bit)
2.44.0.0
Listening on port 0
1636573784456	geckodriver	INFO	Listening on 127.0.0.1:54805
1636573787478	mozrunner::runner	INFO	Running command: "C:\\Program Files\\Mozilla Firefox\\firefox.exe" "--marionette" "--remote-debugging-port" "54806" "-no-remote" "-profile" "C:\\Users\\andre\\AppData\\Local\\Temp\\rust_mozprofileW8EpVT"
1636573787965	Marionette	INFO	Marionette enabled
console.warn: SearchSettings: "get: No settings file exists, new profile?" (new NotFoundError("Could not open the file at C:\\Users\\andre\\AppData\\Local\\Temp\\rust_mozprofileW8EpVT\\search.json.mozlz4", (void 0)))
DevTools listening on ws://localhost:54806/devtools/browser/ccd3c550-c9a9-420e-a409-b4f69890ad31
1636573792475	Marionette	INFO	Listening on port 54811
1636573793147	RemoteAgent	WARN	TLS certificate errors will be ignored for this session
1636573801023	Marionette	INFO	Stopped listening on port 54811
console.warn: TopSitesFeed: Failed to fetch data from Contile server: NetworkError when attempting to fetch resource.
1636573873896	geckodriver	INFO	Listening on 127.0.0.1:54867
1636573876917	mozrunner::runner	INFO	Running command: "C:\\Program Files\\Mozilla Firefox\\firefox.exe" "--marionette" "--remote-debugging-port" "54868" "-no-remote" "-profile" "C:\\Users\\andre\\AppData\\Local\\Temp\\rust_mozprofileBogMH6"
1636573877357	Marionette	INFO	Marionette enabled
console.warn: SearchSettings: "get: No settings file exists, new profile?" (new NotFoundError("Could not open the file at C:\\Users\\andre\\AppData\\Local\\Temp\\rust_mozprofileBogMH6\\search.json.mozlz4", (void 0)))
JavaScript error: resource://activity-stream/lib/ActivityStreamPrefs.jsm, line 27: NS_ERROR_ILLEGAL_VALUE: Component returned failure code: 0x80070057 (NS_ERROR_ILLEGAL_VALUE) [nsIPrefBranch.removeObserver]
console.error: Region.jsm: "Error fetching region" (new TypeError("NetworkError when attempting to fetch resource.", ""))
console.error: Region.jsm: "Failed to fetch region" (new Error("NO_RESULT", "resource://gre/modules/Region.jsm", 419))
JavaScript error: resource://gre/modules/Sqlite.jsm, line 1439: TypeError: result[0] is undefined
console.error: "Could not load engine google@search.mozilla.org: [Exception... \"AddonManager is not initialized\"  nsresult: \"0xc1f30001 (NS_ERROR_NOT_INITIALIZED)\"  location: \"JS frame :: resource://gre/modules/AddonManager.jsm :: installBuiltinAddon :: line 2541\"  data: no]"
console.error: "Could not load engine wikipedia@search.mozilla.org: [Exception... \"AddonManager is not initialized\"  nsresult: \"0xc1f30001 (NS_ERROR_NOT_INITIALIZED)\"  location: \"JS frame :: resource://gre/modules/AddonManager.jsm :: installBuiltinAddon :: line 2541\"  data: no]"
console.error: "Could not load engine yandex@search.mozilla.org: [Exception... \"AddonManager is not initialized\"  nsresult: \"0xc1f30001 (NS_ERROR_NOT_INITIALIZED)\"  location: \"JS frame :: resource://gre/modules/AddonManager.jsm :: installBuiltinAddon :: line 2541\"  data: no]"
console.error: "Could not load engine ddg@search.mozilla.org: [Exception... \"AddonManager is not initialized\"  nsresult: \"0xc1f30001 (NS_ERROR_NOT_INITIALIZED)\"  location: \"JS frame :: resource://gre/modules/AddonManager.jsm :: installBuiltinAddon :: line 2541\"  data: no]"
console.error: "Could not load engine priceru@search.mozilla.org: [Exception... \"AddonManager is not initialized\"  nsresult: \"0xc1f30001 (NS_ERROR_NOT_INITIALIZED)\"  location: \"JS frame :: resource://gre/modules/AddonManager.jsm :: installBuiltinAddon :: line 2541\"  data: no]"
console.error: "Could not load engine mailru@search.mozilla.org: [Exception... \"AddonManager is not initialized\"  nsresult: \"0xc1f30001 (NS_ERROR_NOT_INITIALIZED)\"  location: \"JS frame :: resource://gre/modules/AddonManager.jsm :: installBuiltinAddon :: line 2541\"  data: no]"
console.error: "Could not load engine ozonru@search.mozilla.org: [Exception... \"AddonManager is not initialized\"  nsresult: \"0xc1f30001 (NS_ERROR_NOT_INITIALIZED)\"  location: \"JS frame :: resource://gre/modules/AddonManager.jsm :: installBuiltinAddon :: line 2541\"  data: no]"
console.warn: SearchService: "_init: abandoning init due to shutting down"
JavaScript error: resource://gre/modules/AsyncShutdown.jsm, line 575: uncaught exception: 2147500036
JavaScript error: resource://gre/modules/AsyncShutdown.jsm, line 575: uncaught exception: 2147500036
*** UTM:SVC TimerManager:registerTimer called after profile-before-change notification. Ignoring timer registration for id: region-update-timer
JavaScript error: resource://gre/modules/JSONFile.jsm, line 186: Error: Data is not ready.

###!!! [Parent][DispatchAsyncMessage] Error: PBackgroundIDBFactory::Msg_PBackgroundIDBFactoryRequestConstructor Value error: message was deserialized, but contained an illegal value


###!!! [Parent][DispatchAsyncMessage] Error: PBackgroundIDBFactory::Msg_PBackgroundIDBFactoryRequestConstructor Value error: message was deserialized, but contained an illegal value


###!!! [Parent][RunMessage] Error: Channel closing: too late to send/recv, messages will be lost

1636573913885	geckodriver	INFO	Listening on 127.0.0.1:54895
1636573916906	mozrunner::runner	INFO	Running command: "C:\\Program Files\\Mozilla Firefox\\firefox.exe" "--marionette" "--remote-debugging-port" "54896" "-no-remote" "-profile" "C:\\Users\\andre\\AppData\\Local\\Temp\\rust_mozprofileRqpEOx"
1636573917352	Marionette	INFO	Marionette enabled
console.warn: SearchSettings: "get: No settings file exists, new profile?" (new NotFoundError("Could not open the file at C:\\Users\\andre\\AppData\\Local\\Temp\\rust_mozprofileRqpEOx\\search.json.mozlz4", (void 0)))
DevTools listening on ws://localhost:54896/devtools/browser/a2506d06-b0a5-45a1-ab7e-1085bc72443d
1636573922882	Marionette	INFO	Listening on port 54901
1636573923921	RemoteAgent	WARN	TLS certificate errors will be ignored for this session
1636573942749	Marionette	INFO	Stopped listening on port 54901
console.warn: TopSitesFeed: Failed to fetch data from Contile server: NetworkError when attempting to fetch resource.
1636573970853	geckodriver	INFO	Listening on 127.0.0.1:54950
1636573973873	mozrunner::runner	INFO	Running command: "C:\\Program Files\\Mozilla Firefox\\firefox.exe" "--marionette" "--remote-debugging-port" "54951" "-no-remote" "-profile" "C:\\Users\\andre\\AppData\\Local\\Temp\\rust_mozprofileSCzoPK"
1636573974463	Marionette	INFO	Marionette enabled
console.warn: SearchSettings: "get: No settings file exists, new profile?" (new NotFoundError("Could not open the file at C:\\Users\\andre\\AppData\\Local\\Temp\\rust_mozprofileSCzoPK\\search.json.mozlz4", (void 0)))
DevTools listening on ws://localhost:54951/devtools/browser/52cff112-cc99-4879-ab70-98bdde65d77e
1636573978899	Marionette	INFO	Listening on port 54957
1636573979502	RemoteAgent	WARN	TLS certificate errors will be ignored for this session
1636573988655	Marionette	INFO	Stopped listening on port 54957
console.warn: TopSitesFeed: Failed to fetch data from Contile server: NetworkError when attempting to fetch resource.
[Parent 6668, IPC I/O Parent] WARNING: file /builds/worker/checkouts/gecko/ipc/chromium/src/base/process_util_win.cc:167

###!!! [Parent][RunMessage] Error: Channel closing: too late to send/recv, messages will be lost

1636574165201	geckodriver	INFO	Listening on 127.0.0.1:55019
1636574168219	mozrunner::runner	INFO	Running command: "C:\\Program Files\\Mozilla Firefox\\firefox.exe" "--marionette" "--remote-debugging-port" "55020" "-no-remote" "-profile" "C:\\Users\\andre\\AppData\\Local\\Temp\\rust_mozprofile3CKHi0"
1636574168660	Marionette	INFO	Marionette enabled
console.warn: SearchSettings: "get: No settings file exists, new profile?" (new NotFoundError("Could not open the file at C:\\Users\\andre\\AppData\\Local\\Temp\\rust_mozprofile3CKHi0\\search.json.mozlz4", (void 0)))
DevTools listening on ws://localhost:55020/devtools/browser/8c1b338e-0168-467b-8475-87316eecd29f
1636574173358	Marionette	INFO	Listening on port 55025
1636574174098	RemoteAgent	WARN	TLS certificate errors will be ignored for this session
1636574196829	Marionette	INFO	Stopped listening on port 55025
console.warn: TopSitesFeed: Failed to fetch data from Contile server: NetworkError when attempting to fetch resource.
[Parent 25676, IPC I/O Parent] WARNING: file /builds/worker/checkouts/gecko/ipc/chromium/src/base/process_util_win.cc:167

###!!! [Parent][RunMessage] Error: Channel closing: too late to send/recv, messages will be lost

1636574218193	geckodriver	INFO	Listening on 127.0.0.1:55071
1636574221214	mozrunner::runner	INFO	Running command: "C:\\Program Files\\Mozilla Firefox\\firefox.exe" "--marionette" "--remote-debugging-port" "55072" "-no-remote" "-profile" "C:\\Users\\andre\\AppData\\Local\\Temp\\rust_mozprofileRDYZ70"
1636574221683	Marionette	INFO	Marionette enabled
console.warn: SearchSettings: "get: No settings file exists, new profile?" (new NotFoundError("Could not open the file at C:\\Users\\andre\\AppData\\Local\\Temp\\rust_mozprofileRDYZ70\\search.json.mozlz4", (void 0)))
DevTools listening on ws://localhost:55072/devtools/browser/d39e7adb-7290-427d-b2c9-737dc3c8371c
1636574226060	Marionette	INFO	Listening on port 55077
1636574226825	RemoteAgent	WARN	TLS certificate errors will be ignored for this session
1636574236129	Marionette	INFO	Stopped listening on port 55077
console.warn: TopSitesFeed: Failed to fetch data from Contile server: NetworkError when attempting to fetch resource.
[Parent 27432, IPC I/O Parent] WARNING: file /builds/worker/checkouts/gecko/ipc/chromium/src/base/process_util_win.cc:167

###!!! [Parent][RunMessage] Error: Channel closing: too late to send/recv, messages will be lost

1636574285813	geckodriver	INFO	Listening on 127.0.0.1:55131
1636574288832	mozrunner::runner	INFO	Running command: "C:\\Program Files\\Mozilla Firefox\\firefox.exe" "--marionette" "--remote-debugging-port" "55132" "-no-remote" "-profile" "C:\\Users\\andre\\AppData\\Local\\Temp\\rust_mozprofileAlZ1lF"
1636574289344	Marionette	INFO	Marionette enabled
console.warn: SearchSettings: "get: No settings file exists, new profile?" (new NotFoundError("Could not open the file at C:\\Users\\andre\\AppData\\Local\\Temp\\rust_mozprofileAlZ1lF\\search.json.mozlz4", (void 0)))
DevTools listening on ws://localhost:55132/devtools/browser/ae0916ae-8b4d-4318-94af-bf505d99fd86
1636574293527	Marionette	INFO	Listening on port 55137
1636574293850	RemoteAgent	WARN	TLS certificate errors will be ignored for this session
console.log: WebExtensions: reset-default-search: starting.
console.log: WebExtensions: reset-default-search: No addons in our list are installed.
1636575379968	Marionette	INFO	Stopped listening on port 55137
console.warn: TopSitesFeed: Failed to fetch data from Contile server: NetworkError when attempting to fetch resource.
[Parent 2688, IPC I/O Parent] WARNING: file /builds/worker/checkouts/gecko/ipc/chromium/src/base/process_util_win.cc:167

###!!! [Parent][RunMessage] Error: Channel closing: too late to send/recv, messages will be lost

, (void 0)))
DevTools listening on ws://localhost:55185/devtools/browser/cbfea754-fcf3-41e1-beb4-b24d54097d7e
1636574377785	Marionette	INFO	Listening on port 55191
1636574378584	RemoteAgent	WARN	TLS certificate errors will be ignored for this session
1636574399242	Marionette	INFO	Stopped listening on port 55191
console.warn: TopSitesFeed: Failed to fetch data from Contile server: NetworkError when attempting to fetch resource.
1636574414452	geckodriver	INFO	Listening on 127.0.0.1:55238
1636574418093	mozrunner::runner	INFO	Running command: "C:\\Program Files\\Mozilla Firefox\\firefox.exe" "--marionette" "--remote-debugging-port" "55239" "-no-remote" "-profile" "C:\\Users\\andre\\AppData\\Local\\Temp\\rust_mozprofileRVqS9q"
1636574418574	Marionette	INFO	Marionette enabled
console.warn: SearchSettings: "get: No settings file exists, new profile?" (new NotFoundError("Could not open the file at C:\\Users\\andre\\AppData\\Local\\Temp\\rust_mozprofileRVqS9q\\search.json.mozlz4", (void 0)))
DevTools listening on ws://localhost:55239/devtools/browser/63f65d2e-1874-4b2a-9045-1640c17e0999
1636574423135	Marionette	INFO	Listening on port 55244
1636574423682	RemoteAgent	WARN	TLS certificate errors will be ignored for this session
1636574454339	Marionette	INFO	Stopped listening on port 55244
console.warn: TopSitesFeed: Failed to fetch data from Contile server: NetworkError when attempting to fetch resource.
[Parent 11772, IPC I/O Parent] WARNING: file /builds/worker/checkouts/gecko/ipc/chromium/src/base/process_util_win.cc:167
1636574460020	geckodriver	INFO	Listening on 127.0.0.1:55299
1636574463036	mozrunner::runner	INFO	Running command: "C:\\Program Files\\Mozilla Firefox\\firefox.exe" "--marionette" "--remote-debugging-port" "55300" "-no-remote" "-profile" "C:\\Users\\andre\\AppData\\Local\\Temp\\rust_mozprofile0bmSp3"
1636574463535	Marionette	INFO	Marionette enabled
console.warn: SearchSettings: "get: No settings file exists, new profile?" (new NotFoundError("Could not open the file at C:\\Users\\andre\\AppData\\Local\\Temp\\rust_mozprofile0bmSp3\\search.json.mozlz4", (void 0)))
DevTools listening on ws://localhost:55300/devtools/browser/e2072c5b-daf9-4ce8-9a61-0d69ce9779cd
1636574468745	Marionette	INFO	Listening on port 55306
1636574469374	RemoteAgent	WARN	TLS certificate errors will be ignored for this session
1636574477846	Marionette	INFO	Stopped listening on port 55306
console.warn: TopSitesFeed: Failed to fetch data from Contile server: NetworkError when attempting to fetch resource.
[Parent 26276, IPC I/O Parent] WARNING: file /builds/worker/checkouts/gecko/ipc/chromium/src/base/process_util_win.cc:167

###!!! [Parent][RunMessage] Error: Channel closing: too late to send/recv, messages will be lost

1636574493298	geckodriver	INFO	Listening on 127.0.0.1:55351
1636574496319	mozrunner::runner	INFO	Running command: "C:\\Program Files\\Mozilla Firefox\\firefox.exe" "--marionette" "--remote-debugging-port" "55352" "-no-remote" "-profile" "C:\\Users\\andre\\AppData\\Local\\Temp\\rust_mozprofileUzlc9k"
1636574496791	Marionette	INFO	Marionette enabled
console.warn: SearchSettings: "get: No settings file exists, new profile?" (new NotFoundError("Could not open the file at C:\\Users\\andre\\AppData\\Local\\Temp\\rust_mozprofileUzlc9k\\search.json.mozlz4", (void 0)))
DevTools listening on ws://localhost:55352/devtools/browser/89af105d-f140-4074-87db-4f29099e408d
1636574501608	Marionette	INFO	Listening on port 55357
1636574502475	RemoteAgent	WARN	TLS certificate errors will be ignored for this session
1636574513839	Marionette	INFO	Stopped listening on port 55357
console.warn: TopSitesFeed: Failed to fetch data from Contile server: NetworkError when attempting to fetch resource.
[Parent 21896, IPC I/O Parent] WARNING: file /builds/worker/checkouts/gecko/ipc/chromium/src/base/process_util_win.cc:167
1636574614405	geckodriver	INFO	Listening on 127.0.0.1:50570
1636574617429	mozrunner::runner	INFO	Running command: "C:\\Program Files\\Mozilla Firefox\\firefox.exe" "--marionette" "--remote-debugging-port" "50571" "-no-remote" "-profile" "C:\\Users\\andre\\AppData\\Local\\Temp\\rust_mozprofileTcVNOF"
1636574617877	Marionette	INFO	Marionette enabled
console.warn: SearchSettings: "get: No settings file exists, new profile?" (new NotFoundError("Could not open the file at C:\\Users\\andre\\AppData\\Local\\Temp\\rust_mozprofileTcVNOF\\search.json.mozlz4", (void 0)))
DevTools listening on ws://localhost:50571/devtools/browser/2f064e30-d520-4ae3-964e-ec97b241b963
1636574622898	Marionette	INFO	Listening on port 50576
1636574623627	RemoteAgent	WARN	TLS certificate errors will be ignored for this session
1636574627682	Marionette	INFO	Stopped listening on port 50576
console.warn: TopSitesFeed: Failed to fetch data from Contile server: NetworkError when attempting to fetch resource.
JavaScript error: resource://gre/modules/UrlClassifierListManager.jsm, line 691: TypeError: this.tablesData[table] is undefined
1636574713798	geckodriver	INFO	Listening on 127.0.0.1:50653
1636574716829	mozrunner::runner	INFO	Running command: "C:\\Program Files\\Mozilla Firefox\\firefox.exe" "--marionette" "--remote-debugging-port" "50654" "-no-remote" "-profile" "C:\\Users\\andre\\AppData\\Local\\Temp\\rust_mozprofileejMKCj"
1636574717524	Marionette	INFO	Marionette enabled
console.warn: SearchSettings: "get: No settings file exists, new profile?" (new NotFoundError("Could not open the file at C:\\Users\\andre\\AppData\\Local\\Temp\\rust_mozprofileejMKCj\\search.json.mozlz4", (void 0)))
DevTools listening on ws://localhost:50654/devtools/browser/32f5d8d4-7c7e-4cfb-81e0-425bda1aeec9
1636574725224	Marionette	INFO	Listening on port 50659
console.error: Region.jsm: "Error fetching region" (new Error("TIMEOUT", "resource://gre/modules/Region.jsm", 772))
console.error: Region.jsm: "Failed to fetch region" (new Error("TIMEOUT", "resource://gre/modules/Region.jsm", 419))
1636574727027	RemoteAgent	WARN	TLS certificate errors will be ignored for this session
1636574740362	Marionette	INFO	Stopped listening on port 50659
console.warn: TopSitesFeed: Failed to fetch data from Contile server: NetworkError when attempting to fetch resource.
1636574909540	geckodriver	INFO	Listening on 127.0.0.1:56467
1636574912559	mozrunner::runner	INFO	Running command: "C:\\Program Files\\Mozilla Firefox\\firefox.exe" "--marionette" "--remote-debugging-port" "56468" "-no-remote" "-profile" "C:\\Users\\andre\\AppData\\Local\\Temp\\rust_mozprofileLOuK9p"
1636574913032	Marionette	INFO	Marionette enabled
console.warn: SearchSettings: "get: No settings file exists, new profile?" (new NotFoundError("Could not open the file at C:\\Users\\andre\\AppData\\Local\\Temp\\rust_mozprofileLOuK9p\\search.json.mozlz4", (void 0)))
DevTools listening on ws://localhost:56468/devtools/browser/e954d078-a656-4e66-9361-b3359f2cf3b0
1636574917752	Marionette	INFO	Listening on port 56473
1636574917799	RemoteAgent	WARN	TLS certificate errors will be ignored for this session
1636574924776	Marionette	INFO	Stopped listening on port 56473
console.warn: TopSitesFeed: Failed to fetch data from Contile server: NetworkError when attempting to fetch resource.
[Parent 26060, IPC I/O Parent] WARNING: file /builds/worker/checkouts/gecko/ipc/chromium/src/base/process_util_win.cc:167

###!!! [Parent][RunMessage] Error: Channel closing: too late to send/recv, messages will be lost

Invalid port. Exiting...
